Array
(
    [name] => Krutika Jadhav
    [contact] => 09324219220
    [email] => waghmareadarsh1432@gmail.com
    [message] => adadadadadadda
)
Array
(
    [name] => Krutika Jadhav
    [contact] => 9324219220
    [email] => waghmareadarsh1432@gmail.com
    [message] => adadadadadadda
)
Array
(
    [name] => Krutika Jadhav
    [email] => adarshwaghmare@gmail.com
    [contact] => 9324219220
    [message] => aasdadssaasasassaasasasa
)
Array
(
    [name] => Krutika Jadhav
    [contact] => 9324219220
    [email] => iunknown380@gmail.com
    [message] => jiyfifvgvyg yg ugvuv 
)
Array
(
    [name] => Krutika Jadhav
    [contact] => 09324219220
    [email] => krutika@digitalizetheglobe.com
    [message] => hiii
)
Array
(
    [name] => Krutika Jadhav
    [contact] => 9324219220
    [email] => krutika@digitalizetheglobe.com
    [message] => hiii
)
